# JRE version: OpenJDK Runtime Environment Microsoft-7208460 (11.0.18+10) (build 11.0.18+10-LTS)
# Java VM: OpenJDK 64-Bit Server VM Microsoft-7208460 (11.0.18+10-LTS, mixed mode, tiered, compressed oops, g1 gc, windows-amd64)
Heap:
 garbage-first heap   total 260096K, used 83095K [0x0000000080000000, 0x0000000100000000)
  region size 1024K, 66 young (67584K), 13 survivors (13312K)
 Metaspace       used 47511K, capacity 48774K, committed 48976K, reserved 559104K
  class space    used 6101K, capacity 6614K, committed 6656K, reserved 516096K
GC Heap History (10 events):
Event: 2.204 GC heap before
{Heap before GC invocations=0 (full 0):
 garbage-first heap   total 260096K, used 29696K [0x0000000080000000, 0x0000000100000000)
  region size 1024K, 24 young (24576K), 0 survivors (0K)
 Metaspace       used 10068K, capacity 10278K, committed 10368K, reserved 526336K
  class space    used 1022K, capacity 1107K, committed 1152K, reserved 516096K
}
Event: 2.512 GC heap after
{Heap after GC invocations=1 (full 0):
 garbage-first heap   total 260096K, used 9532K [0x0000000080000000, 0x0000000100000000)
  region size 1024K, 3 young (3072K), 3 survivors (3072K)
 Metaspace       used 10068K, capacity 10278K, committed 10368K, reserved 526336K
  class space    used 1022K, capacity 1107K, committed 1152K, reserved 516096K
}
Event: 8.644 GC heap before
{Heap before GC invocations=1 (full 0):
 garbage-first heap   total 260096K, used 103740K [0x0000000080000000, 0x0000000100000000)
  region size 1024K, 96 young (98304K), 3 survivors (3072K)
 Metaspace       used 20717K, capacity 21143K, committed 21296K, reserved 536576K
  class space    used 2483K, capacity 2628K, committed 2688K, reserved 516096K
}
Event: 8.685 GC heap after
{Heap after GC invocations=2 (full 0):
 garbage-first heap   total 260096K, used 17397K [0x0000000080000000, 0x0000000100000000)
  region size 1024K, 11 young (11264K), 11 survivors (11264K)
 Metaspace       used 20717K, capacity 21143K, committed 21296K, reserved 536576K
  class space    used 2483K, capacity 2628K, committed 2688K, reserved 516096K
}
Event: 10.736 GC heap before
{Heap before GC invocations=3 (full 0):
 garbage-first heap   total 260096K, used 78837K [0x0000000080000000, 0x0000000100000000)
  region size 1024K, 71 young (72704K), 11 survivors (11264K)
 Metaspace       used 26974K, capacity 27593K, committed 27696K, reserved 540672K
  class space    used 3481K, capacity 3703K, committed 3712K, reserved 516096K
}
Event: 10.747 GC heap after
{Heap after GC invocations=4 (full 0):
 garbage-first heap   total 260096K, used 19208K [0x0000000080000000, 0x0000000100000000)
  region size 1024K, 3 young (3072K), 3 survivors (3072K)
 Metaspace       used 26974K, capacity 27593K, committed 27696K, reserved 540672K
  class space    used 3481K, capacity 3703K, committed 3712K, reserved 516096K
}
Event: 12.679 GC heap before
{Heap before GC invocations=4 (full 0):
 garbage-first heap   total 260096K, used 76552K [0x0000000080000000, 0x0000000100000000)
  region size 1024K, 60 young (61440K), 3 survivors (3072K)
 Metaspace       used 35044K, capacity 35799K, committed 35920K, reserved 548864K
  class space    used 4496K, capacity 4822K, committed 4864K, reserved 516096K
}
Event: 12.693 GC heap after
{Heap after GC invocations=5 (full 0):
 garbage-first heap   total 260096K, used 22078K [0x0000000080000000, 0x0000000100000000)
  region size 1024K, 6 young (6144K), 6 survivors (6144K)
 Metaspace       used 35044K, capacity 35799K, committed 35920K, reserved 548864K
  class space    used 4496K, capacity 4822K, committed 4864K, reserved 516096K
}
Event: 33.601 GC heap before
{Heap before GC invocations=6 (full 0):
 garbage-first heap   total 260096K, used 135742K [0x0000000080000000, 0x0000000100000000)
  region size 1024K, 114 young (116736K), 6 survivors (6144K)
 Metaspace       used 43456K, capacity 44644K, committed 44880K, reserved 557056K
  class space    used 5435K, capacity 5879K, committed 5888K, reserved 516096K
}
Event: 33.616 GC heap after
{Heap after GC invocations=7 (full 0):
 garbage-first heap   total 260096K, used 29847K [0x0000000080000000, 0x0000000100000000)
  region size 1024K, 13 young (13312K), 13 survivors (13312K)
 Metaspace       used 43456K, capacity 44644K, committed 44880K, reserved 557056K
  class space    used 5435K, capacity 5879K, committed 5888K, reserved 516096K
}

